<?xml version="1.0" encoding="UTF-8"?>
<!-- Generated by org.testng.reporters.JUnitXMLReporter -->
<testsuite ignored="0" hostname="DESKTOP-NDR2GDP" failures="0" tests="2" name="BankingApp Test" time="26.608" errors="0" timestamp="2022-01-27T18:19:55 CET">
  <testcase classname="com.inetBanking.testCases.TC_LoginTest_001" name="loginTest" time="1.457"/>
  <testcase classname="com.inetBanking.testCases.TC_AddCustomerTest_003" name="addNewCustomer" time="10.911"/>
</testsuite> <!-- BankingApp Test -->
