<?xml version="1.0" encoding="UTF-8"?>
<testng-results ignored="0" total="2" passed="2" failed="0" skipped="0">
  <reporter-output>
  </reporter-output>
  <suite started-at="2022-01-27T18:19:28 CET" name="Suite" finished-at="2022-01-27T18:19:55 CET" duration-ms="26608">
    <groups>
    </groups>
    <test started-at="2022-01-27T18:19:28 CET" name="BankingApp Test" finished-at="2022-01-27T18:19:55 CET" duration-ms="26608">
      <class name="com.inetBanking.testCases.TC_AddCustomerTest_003">
        <test-method is-config="true" signature="setup(java.lang.String)[pri:0, instance:com.inetBanking.testCases.TC_AddCustomerTest_003@140c9f39]" started-at="2022-01-27T18:19:38 CET" name="setup" finished-at="2022-01-27T18:19:43 CET" duration-ms="5115" status="PASS">
          <params>
            <param index="0">
              <value>
                <![CDATA[Chrome]]>
              </value>
            </param>
          </params>
          <reporter-output>
          </reporter-output>
        </test-method> <!-- setup -->
        <test-method signature="addNewCustomer()[pri:0, instance:com.inetBanking.testCases.TC_AddCustomerTest_003@140c9f39]" started-at="2022-01-27T18:19:43 CET" name="addNewCustomer" finished-at="2022-01-27T18:19:54 CET" duration-ms="10911" status="PASS">
          <reporter-output>
          </reporter-output>
        </test-method> <!-- addNewCustomer -->
        <test-method is-config="true" signature="tearDown()[pri:0, instance:com.inetBanking.testCases.TC_AddCustomerTest_003@140c9f39]" started-at="2022-01-27T18:19:54 CET" name="tearDown" finished-at="2022-01-27T18:19:55 CET" duration-ms="787" status="PASS">
          <reporter-output>
          </reporter-output>
        </test-method> <!-- tearDown -->
      </class> <!-- com.inetBanking.testCases.TC_AddCustomerTest_003 -->
      <class name="com.inetBanking.testCases.TC_LoginTest_001">
        <test-method is-config="true" signature="setup(java.lang.String)[pri:0, instance:com.inetBanking.testCases.TC_LoginTest_001@503d687a]" started-at="2022-01-27T18:19:29 CET" name="setup" finished-at="2022-01-27T18:19:36 CET" duration-ms="7261" status="PASS">
          <params>
            <param index="0">
              <value>
                <![CDATA[Chrome]]>
              </value>
            </param>
          </params>
          <reporter-output>
          </reporter-output>
        </test-method> <!-- setup -->
        <test-method signature="loginTest()[pri:0, instance:com.inetBanking.testCases.TC_LoginTest_001@503d687a]" started-at="2022-01-27T18:19:36 CET" name="loginTest" finished-at="2022-01-27T18:19:37 CET" duration-ms="1457" status="PASS">
          <reporter-output>
          </reporter-output>
        </test-method> <!-- loginTest -->
        <test-method is-config="true" signature="tearDown()[pri:0, instance:com.inetBanking.testCases.TC_LoginTest_001@503d687a]" started-at="2022-01-27T18:19:37 CET" name="tearDown" finished-at="2022-01-27T18:19:38 CET" duration-ms="786" status="PASS">
          <reporter-output>
          </reporter-output>
        </test-method> <!-- tearDown -->
      </class> <!-- com.inetBanking.testCases.TC_LoginTest_001 -->
    </test> <!-- BankingApp Test -->
  </suite> <!-- Suite -->
</testng-results>
