<?xml version="1.0" encoding="UTF-8"?>
<testng-results ignored="0" total="1" passed="1" failed="0" skipped="0">
  <reporter-output>
  </reporter-output>
  <suite started-at="2022-01-27T12:18:58 CET" name="Suite" finished-at="2022-01-27T12:19:11 CET" duration-ms="12800">
    <groups>
    </groups>
    <test started-at="2022-01-27T12:18:58 CET" name="BankingApp Test" finished-at="2022-01-27T12:19:11 CET" duration-ms="12800">
      <class name="com.inetBanking.testCases.TC_EditCustomerTest_004">
        <test-method is-config="true" signature="setup(java.lang.String)[pri:0, instance:com.inetBanking.testCases.TC_EditCustomerTest_004@2fb3536e]" started-at="2022-01-27T12:18:59 CET" name="setup" finished-at="2022-01-27T12:19:04 CET" duration-ms="5193" status="PASS">
          <params>
            <param index="0">
              <value>
                <![CDATA[Chrome]]>
              </value>
            </param>
          </params>
          <reporter-output>
          </reporter-output>
        </test-method> <!-- setup -->
        <test-method signature="editCustomerTest()[pri:0, instance:com.inetBanking.testCases.TC_EditCustomerTest_004@2fb3536e]" started-at="2022-01-27T12:19:04 CET" name="editCustomerTest" finished-at="2022-01-27T12:19:11 CET" duration-ms="6966" status="PASS">
          <reporter-output>
          </reporter-output>
        </test-method> <!-- editCustomerTest -->
        <test-method is-config="true" signature="tearDown()[pri:0, instance:com.inetBanking.testCases.TC_EditCustomerTest_004@2fb3536e]" started-at="2022-01-27T12:19:11 CET" name="tearDown" finished-at="2022-01-27T12:19:11 CET" duration-ms="156" status="PASS">
          <reporter-output>
          </reporter-output>
        </test-method> <!-- tearDown -->
      </class> <!-- com.inetBanking.testCases.TC_EditCustomerTest_004 -->
    </test> <!-- BankingApp Test -->
  </suite> <!-- Suite -->
</testng-results>
